<?xml version="1.0" encoding="UTF-8"?>
<!-- Generated by org.testng.reporters.JUnitXMLReporter -->
<testsuite hostname="LNLA010P3014" ignored="0" name="Test" tests="7" failures="1" timestamp="2020-08-17T19:05:46 IST" time="0.28" errors="0">
  <testcase name="testRegister" time="0.027" classname="pckg.TestNGDemo1"/>
  <testcase name="testlogin" time="0.004" classname="pckg.TestNGDemo1"/>
  <testcase name="testHomePage" time="0.013" classname="pckg.TestNGDemo1"/>
  <testcase name="testLogin" time="0.003" classname="pckg.TestNGDemo2"/>
  <testcase name="testLogin" time="0.004" classname="pckg.TestNGDemo2"/>
  <testcase name="testLogin" time="0.017" classname="pckg.TestNGDemo2"/>
  <testcase name="testLoginWithValidCredentials" time="0.011" classname="pckg.TestNGDemo">
    <failure type="java.lang.ArithmeticException" message="/ by zero">
      <![CDATA[java.lang.ArithmeticException: / by zero
at pckg.TestNGDemo.testLoginWithValidCredentials(TestNGDemo.java:12)
at java.util.ArrayList.forEach(Unknown Source)
... Removed 27 stack frames]]>
    </failure>
  </testcase> <!-- testLoginWithValidCredentials -->
</testsuite> <!-- Test -->
