<?xml version="1.0" encoding="UTF-8"?>
<testng-results skipped="0" failed="1" ignored="0" total="7" passed="6">
  <reporter-output>
  </reporter-output>
  <suite name="Suite" duration-ms="280" started-at="2020-08-17T19:05:46 IST" finished-at="2020-08-17T19:05:46 IST">
    <groups>
    </groups>
    <test name="Test" duration-ms="280" started-at="2020-08-17T19:05:46 IST" finished-at="2020-08-17T19:05:46 IST">
      <class name="pckg.TestNGDemo">
        <test-method status="FAIL" signature="testLoginWithValidCredentials()[pri:0, instance:pckg.TestNGDemo@1686d1f]" name="testLoginWithValidCredentials" duration-ms="11" started-at="2020-08-17T19:05:46 IST" finished-at="2020-08-17T19:05:46 IST">
          <exception class="java.lang.ArithmeticException">
            <message>
              <![CDATA[/ by zero]]>
            </message>
            <full-stacktrace>
              <![CDATA[java.lang.ArithmeticException: / by zero
at pckg.TestNGDemo.testLoginWithValidCredentials(TestNGDemo.java:12)
at sun.reflect.NativeMethodAccessorImpl.invoke0(Native Method)
at sun.reflect.NativeMethodAccessorImpl.invoke(Unknown Source)
at sun.reflect.DelegatingMethodAccessorImpl.invoke(Unknown Source)
at java.lang.reflect.Method.invoke(Unknown Source)
at org.testng.internal.MethodInvocationHelper.invokeMethod(MethodInvocationHelper.java:133)
at org.testng.internal.TestInvoker.invokeMethod(TestInvoker.java:584)
at org.testng.internal.TestInvoker.invokeTestMethod(TestInvoker.java:172)
at org.testng.internal.MethodRunner.runInSequence(MethodRunner.java:46)
at org.testng.internal.TestInvoker$MethodInvocationAgent.invoke(TestInvoker.java:804)
at org.testng.internal.TestInvoker.invokeTestMethods(TestInvoker.java:145)
at org.testng.internal.TestMethodWorker.invokeTestMethods(TestMethodWorker.java:146)
at org.testng.internal.TestMethodWorker.run(TestMethodWorker.java:128)
at java.util.ArrayList.forEach(Unknown Source)
at org.testng.TestRunner.privateRun(TestRunner.java:770)
at org.testng.TestRunner.run(TestRunner.java:591)
at org.testng.SuiteRunner.runTest(SuiteRunner.java:402)
at org.testng.SuiteRunner.runSequentially(SuiteRunner.java:396)
at org.testng.SuiteRunner.privateRun(SuiteRunner.java:355)
at org.testng.SuiteRunner.run(SuiteRunner.java:304)
at org.testng.SuiteRunnerWorker.runSuite(SuiteRunnerWorker.java:53)
at org.testng.SuiteRunnerWorker.run(SuiteRunnerWorker.java:96)
at org.testng.TestNG.runSuitesSequentially(TestNG.java:1180)
at org.testng.TestNG.runSuitesLocally(TestNG.java:1102)
at org.testng.TestNG.runSuites(TestNG.java:1032)
at org.testng.TestNG.run(TestNG.java:1000)
at org.testng.remote.AbstractRemoteTestNG.run(AbstractRemoteTestNG.java:115)
at org.testng.remote.RemoteTestNG.initAndRun(RemoteTestNG.java:251)
at org.testng.remote.RemoteTestNG.main(RemoteTestNG.java:77)
]]>
            </full-stacktrace>
          </exception> <!-- java.lang.ArithmeticException -->
          <reporter-output>
          </reporter-output>
        </test-method> <!-- testLoginWithValidCredentials -->
      </class> <!-- pckg.TestNGDemo -->
      <class name="pckg.TestNGDemo1">
        <test-method status="PASS" signature="testRegister()[pri:1, instance:pckg.TestNGDemo1@1ec2012]" name="testRegister" duration-ms="27" started-at="2020-08-17T19:05:46 IST" finished-at="2020-08-17T19:05:46 IST">
          <reporter-output>
          </reporter-output>
        </test-method> <!-- testRegister -->
        <test-method status="PASS" signature="testlogin()[pri:2, instance:pckg.TestNGDemo1@1ec2012]" name="testlogin" duration-ms="4" started-at="2020-08-17T19:05:46 IST" finished-at="2020-08-17T19:05:46 IST">
          <reporter-output>
          </reporter-output>
        </test-method> <!-- testlogin -->
        <test-method status="PASS" signature="testHomePage()[pri:3, instance:pckg.TestNGDemo1@1ec2012]" name="testHomePage" duration-ms="13" started-at="2020-08-17T19:05:46 IST" finished-at="2020-08-17T19:05:46 IST">
          <reporter-output>
          </reporter-output>
        </test-method> <!-- testHomePage -->
      </class> <!-- pckg.TestNGDemo1 -->
      <class name="pckg.TestNGDemo2">
        <test-method status="PASS" signature="testLogin(java.lang.String, java.lang.String)[pri:0, instance:pckg.TestNGDemo2@f777e8]" name="testLogin" duration-ms="3" started-at="2020-08-17T19:05:46 IST" data-provider="loginData" finished-at="2020-08-17T19:05:46 IST">
          <params>
            <param index="0">
              <value>
                <![CDATA[AdminUserName]]>
              </value>
            </param>
            <param index="1">
              <value>
                <![CDATA[Apassword]]>
              </value>
            </param>
          </params>
          <reporter-output>
          </reporter-output>
        </test-method> <!-- testLogin -->
        <test-method status="PASS" signature="testLogin(java.lang.String, java.lang.String)[pri:0, instance:pckg.TestNGDemo2@f777e8]" name="testLogin" duration-ms="4" started-at="2020-08-17T19:05:46 IST" data-provider="loginData" finished-at="2020-08-17T19:05:46 IST">
          <params>
            <param index="0">
              <value>
                <![CDATA[TeacherUserName]]>
              </value>
            </param>
            <param index="1">
              <value>
                <![CDATA[Tpassword]]>
              </value>
            </param>
          </params>
          <reporter-output>
          </reporter-output>
        </test-method> <!-- testLogin -->
        <test-method status="PASS" signature="testLogin(java.lang.String, java.lang.String)[pri:0, instance:pckg.TestNGDemo2@f777e8]" name="testLogin" duration-ms="17" started-at="2020-08-17T19:05:46 IST" data-provider="loginData" finished-at="2020-08-17T19:05:46 IST">
          <params>
            <param index="0">
              <value>
                <![CDATA[StudentUserName]]>
              </value>
            </param>
            <param index="1">
              <value>
                <![CDATA[Spassword]]>
              </value>
            </param>
          </params>
          <reporter-output>
          </reporter-output>
        </test-method> <!-- testLogin -->
      </class> <!-- pckg.TestNGDemo2 -->
    </test> <!-- Test -->
  </suite> <!-- Suite -->
</testng-results>
